TN:
SF:/Users/adriana/Documents/projects/article-application/src/polyfills.ts
FNF:0
FNH:0
LF:0
LH:0
BRF:0
BRH:0
end_of_record
TN:
SF:/Users/adriana/Documents/projects/article-application/src/test.ts
FNF:0
FNH:0
DA:18,1
DA:23,1
DA:25,1
LF:3
LH:3
BRF:0
BRH:0
end_of_record
TN:
SF:/Users/adriana/Documents/projects/article-application/src/app/app.component.ts
FN:8,(anonymous_0)
FNF:1
FNH:1
FNDA:1,(anonymous_0)
DA:8,1
DA:9,1
LF:2
LH:2
BRF:0
BRH:0
end_of_record
TN:
SF:/Users/adriana/Documents/projects/article-application/src/app/features/pages/article-detail/article-detail.component.ts
FN:13,(anonymous_0)
FN:18,(anonymous_1)
FN:25,(anonymous_2)
FN:29,(anonymous_3)
FN:32,(anonymous_4)
FNF:5
FNH:4
FNDA:4,(anonymous_0)
FNDA:5,(anonymous_1)
FNDA:6,(anonymous_2)
FNDA:1,(anonymous_3)
FNDA:0,(anonymous_4)
DA:11,1
DA:14,4
DA:15,4
DA:19,5
DA:26,6
DA:27,6
DA:30,1
DA:33,0
LF:8
LH:7
BRF:0
BRH:0
end_of_record
TN:
SF:/Users/adriana/Documents/projects/article-application/src/app/features/pages/article-list/article-list.component.ts
FN:14,(anonymous_0)
FN:20,(anonymous_1)
FN:27,(anonymous_2)
FN:31,(anonymous_3)
FN:44,(anonymous_4)
FNF:5
FNH:5
FNDA:5,(anonymous_0)
FNDA:6,(anonymous_1)
FNDA:8,(anonymous_2)
FNDA:1,(anonymous_3)
FNDA:1,(anonymous_4)
DA:9,1
DA:14,5
DA:15,5
DA:16,5
DA:17,5
DA:21,6
DA:28,8
DA:29,8
DA:32,1
DA:35,1
DA:36,1
DA:40,1
DA:45,1
DA:46,1
DA:47,0
LF:15
LH:14
BRDA:35,0,0,1
BRDA:35,0,1,0
BRDA:46,1,0,1
BRDA:46,1,1,0
BRF:4
BRH:2
end_of_record
TN:
SF:/Users/adriana/Documents/projects/article-application/src/app/features/services/article.service.ts
FN:12,(anonymous_0)
FN:14,(anonymous_1)
FN:29,(anonymous_2)
FN:39,(anonymous_3)
FN:41,(anonymous_4)
FN:44,(anonymous_5)
FN:52,(anonymous_6)
FNF:7
FNH:3
FNDA:10,(anonymous_0)
FNDA:6,(anonymous_1)
FNDA:0,(anonymous_2)
FNDA:5,(anonymous_3)
FNDA:0,(anonymous_4)
FNDA:0,(anonymous_5)
FNDA:0,(anonymous_6)
DA:8,1
DA:10,10
DA:11,10
DA:12,10
DA:15,6
DA:17,6
DA:18,6
DA:19,12
DA:20,12
DA:24,6
DA:26,6
DA:30,0
DA:41,5
DA:42,5
DA:43,0
DA:44,0
DA:45,0
DA:48,5
DA:49,5
DA:53,0
DA:54,0
LF:21
LH:15
BRDA:19,0,0,12
BRDA:19,0,1,0
BRDA:42,1,0,0
BRDA:42,1,1,5
BRF:4
BRH:2
end_of_record
